  main.cpp
C:\Program Files (x86)\Windows Kits\10\Include\10.0.16299.0\shared\d3d9.h(2005): warning C4005: 'D3DERR_INVALIDCALL': macro redefinition
  C:\Users\pti\Downloads\3d\project\ARAPKinect\balas changes\ARAPDeformation\Effects11\inc\d3dx11effect.h(46): note: see previous definition of 'D3DERR_INVALIDCALL'
c:\users\pti\downloads\3d\project\arapkinect\balas changes\arapdeformation\simulations\DrawingUtilitiesClass.h(245): warning C4305: 'argument': truncation from 'double' to 'float'
c:\users\pti\downloads\3d\project\arapkinect\balas changes\arapdeformation\simulations\collisionDetect.h(28): warning C4244: 'initializing': conversion from 'double' to 'int', possible loss of data
c:\users\pti\downloads\3d\project\arapkinect\balas changes\arapdeformation\simulations\collisionDetect.h(28): warning C4244: '+=': conversion from 'double' to 'int', possible loss of data
c:\users\pti\downloads\3d\project\arapkinect\balas changes\arapdeformation\simulations\collisionDetect.h(31): warning C4244: 'argument': conversion from 'int' to 'float', possible loss of data
c:\users\pti\downloads\3d\project\arapkinect\balas changes\arapdeformation\simulations\collisionDetect.h(125): warning C4018: '<': signed/unsigned mismatch
c:\users\pti\downloads\3d\project\arapkinect\balas changes\arapdeformation\simulations\collisionDetect.h(127): warning C4018: '<': signed/unsigned mismatch
c:\users\pti\downloads\3d\project\arapkinect\balas changes\arapdeformation\simulations\collisionDetect.h(144): warning C4018: '<': signed/unsigned mismatch
c:\users\pti\downloads\3d\project\arapkinect\balas changes\arapdeformation\simulations\collisionDetect.h(230): warning C4018: '<': signed/unsigned mismatch
c:\users\pti\downloads\3d\project\arapkinect\balas changes\arapdeformation\simulations\collisionDetect.h(259): warning C4018: '<': signed/unsigned mismatch
c:\users\pti\downloads\3d\project\arapkinect\balas changes\arapdeformation\simulations\collisionDetect.h(282): warning C4018: '<': signed/unsigned mismatch
c:\users\pti\downloads\3d\project\arapkinect\balas changes\arapdeformation\simulations\collisionDetect.h(307): warning C4018: '<': signed/unsigned mismatch
c:\users\pti\downloads\3d\project\arapkinect\balas changes\arapdeformation\libs\eigen\eigen\src/SVD/BDCSVD.h(959): warning C4002: too many actual parameters for macro 'V'
c:\users\pti\downloads\3d\project\arapkinect\balas changes\arapdeformation\libs\eigen\eigen\src/SVD/BDCSVD.h(961): warning C4002: too many actual parameters for macro 'V'
..\Simulations\main.cpp(33): warning C4305: 'initializing': truncation from 'double' to 'float'
c:\users\pti\downloads\3d\project\arapkinect\balas changes\arapdeformation\simulations\util/vectorbase.h(204): warning C4244: 'argument': conversion from 'const GamePhysics::Real' to 'float', possible loss of data
  c:\users\pti\downloads\3d\project\arapkinect\balas changes\arapdeformation\simulations\util/vectorbase.h(203): note: while compiling class template member function 'DirectX::XMVECTOR GamePhysics::vector3Dim<GamePhysics::Real>::toDirectXVector(void) const'
  c:\users\pti\downloads\3d\project\arapkinect\balas changes\arapdeformation\simulations\DrawingUtilitiesClass.h(293): note: see reference to function template instantiation 'DirectX::XMVECTOR GamePhysics::vector3Dim<GamePhysics::Real>::toDirectXVector(void) const' being compiled
  c:\users\pti\downloads\3d\project\arapkinect\balas changes\arapdeformation\simulations\util/vectorbase.h(859): note: see reference to class template instantiation 'GamePhysics::vector3Dim<GamePhysics::Real>' being compiled
c:\users\pti\downloads\3d\project\arapkinect\balas changes\arapdeformation\simulations\util\matrixbase.h(777): warning C4244: 'argument': conversion from 'double' to 'float', possible loss of data
  c:\users\pti\downloads\3d\project\arapkinect\balas changes\arapdeformation\simulations\util\matrixbase.h(773): note: while compiling class template member function 'DirectX::XMMATRIX GamePhysics::matrix4x4<double>::toDirectXMatrix(void)'
  c:\users\pti\downloads\3d\project\arapkinect\balas changes\arapdeformation\simulations\DrawingUtilitiesClass.h(412): note: see reference to function template instantiation 'DirectX::XMMATRIX GamePhysics::matrix4x4<double>::toDirectXMatrix(void)' being compiled
  c:\users\pti\downloads\3d\project\arapkinect\balas changes\arapdeformation\simulations\DrawingUtilitiesClass.h(411): note: see reference to class template instantiation 'GamePhysics::matrix4x4<double>' being compiled
c:\users\pti\downloads\3d\project\arapkinect\balas changes\arapdeformation\simulations\util\matrixbase.h(776): warning C4244: 'argument': conversion from 'double' to 'float', possible loss of data
c:\users\pti\downloads\3d\project\arapkinect\balas changes\arapdeformation\simulations\util\matrixbase.h(775): warning C4244: 'argument': conversion from 'double' to 'float', possible loss of data
c:\users\pti\downloads\3d\project\arapkinect\balas changes\arapdeformation\simulations\util\matrixbase.h(774): warning C4244: 'argument': conversion from 'double' to 'float', possible loss of data
  Generating code
  All 8512 functions were compiled because no usable IPDB/IOBJ from previous compilation was found.
  Finished generating code
  SimulationsRunner_2017.vcxproj -> C:\Users\pti\Downloads\3d\project\ARAPKinect\balas changes\ARAPDeformation\Win32\Release\SimulationsRunner.exe
